{"/workspace/exercise-unit-test-with-jest/app.js": {"path":"/workspace/exercise-unit-test-with-jest/app.js","statementMap":{"0":{"start":{"line":2,"column":25},"end":{"line":7,"column":1}},"1":{"start":{"line":4,"column":24},"end":{"line":4,"column":41}},"2":{"start":{"line":6,"column":4},"end":{"line":6,"column":25}},"3":{"start":{"line":9,"column":24},"end":{"line":14,"column":1}},"4":{"start":{"line":11,"column":24},"end":{"line":11,"column":43}},"5":{"start":{"line":13,"column":4},"end":{"line":13,"column":25}},"6":{"start":{"line":15,"column":17},"end":{"line":17,"column":1}},"7":{"start":{"line":16,"column":0},"end":{"line":16,"column":10}},"8":{"start":{"line":20,"column":23},"end":{"line":25,"column":1}},"9":{"start":{"line":22,"column":22},"end":{"line":22,"column":41}},"10":{"start":{"line":24,"column":4},"end":{"line":24,"column":23}},"11":{"start":{"line":27,"column":12},"end":{"line":29,"column":1}},"12":{"start":{"line":28,"column":4},"end":{"line":28,"column":16}},"13":{"start":{"line":32,"column":0},"end":{"line":32,"column":21}},"14":{"start":{"line":36,"column":0},"end":{"line":36,"column":76}}},"fnMap":{"0":{"name":"(anonymous_0)","decl":{"start":{"line":2,"column":25},"end":{"line":2,"column":26}},"loc":{"start":{"line":2,"column":46},"end":{"line":7,"column":1}},"line":2},"1":{"name":"(anonymous_1)","decl":{"start":{"line":9,"column":24},"end":{"line":9,"column":25}},"loc":{"start":{"line":9,"column":44},"end":{"line":14,"column":1}},"line":9},"2":{"name":"(anonymous_2)","decl":{"start":{"line":15,"column":17},"end":{"line":15,"column":18}},"loc":{"start":{"line":15,"column":25},"end":{"line":17,"column":1}},"line":15},"3":{"name":"(anonymous_3)","decl":{"start":{"line":20,"column":23},"end":{"line":20,"column":24}},"loc":{"start":{"line":20,"column":43},"end":{"line":25,"column":1}},"line":20},"4":{"name":"(anonymous_4)","decl":{"start":{"line":27,"column":12},"end":{"line":27,"column":13}},"loc":{"start":{"line":27,"column":21},"end":{"line":29,"column":1}},"line":27}},"branchMap":{},"s":{"0":1,"1":1,"2":1,"3":1,"4":1,"5":1,"6":1,"7":0,"8":1,"9":1,"10":1,"11":1,"12":2,"13":1,"14":1},"f":{"0":1,"1":1,"2":0,"3":1,"4":2},"b":{},"_coverageSchema":"1a1c01bbd47fc00a2c39e90264f33305004495a9","hash":"23657bba239a647a6db65639f003b1994f121dfb"}
}
